<?xml version="1.0" encoding="UTF-8"?>
<!-- Generated by org.testng.reporters.JUnitXMLReporter -->
<testsuite ignored="2" hostname="DESKTOP-A25E2NF" failures="1" tests="3" name="Test" time="9.61" errors="0" timestamp="2022-11-26T01:38:01 IST">
  <testcase classname="tests.LoginTest" name="login" time="4.139"/>
  <testcase classname="tests.HomePageTest" name="verifyTitle" time="0.075">
    <failure type="java.lang.AssertionError" message="Title does not matched expected [HRM] but found [OrangeHRM]">
      <![CDATA[java.lang.AssertionError: Title does not matched expected [HRM] but found [OrangeHRM]
at tests.HomePageTest.verifyTitle(HomePageTest.java:49)
at java.base/java.util.ArrayList.forEach(ArrayList.java:1511)
... Removed 32 stack frames]]>
    </failure>
  </testcase> <!-- verifyTitle -->
  <testcase classname="tests.HomePageTest" name="logout" time="4.415"/>
  <testcase classname="tests.BaseTest" name="@AfterSuite tear" time="0.0">
    <ignored/>
  </testcase> <!-- @AfterSuite tear -->
  <testcase classname="tests.BaseTest" name="@BeforeSuite launchBrowser" time="0.0">
    <ignored/>
  </testcase> <!-- @BeforeSuite launchBrowser -->
</testsuite> <!-- Test -->
